2024-10-16 17:36:26,569 [Worker-3: Loading available Gradle versions] INFO  o.e.b.c.i.u.g.PublishedGradleVersions - Gradle version information cache is not available. Remote download required.
2024-10-16 17:36:56,320 [Worker-3: Building] INFO  o.e.m.c.i.l.LifecycleMappingFactory - Using org.eclipse.m2e.jdt.JarLifecycleMapping lifecycle mapping for MavenProject: pe.com.cibertec:LP2_T2_CaveroErazoSantiagoAdeon:0.0.1-SNAPSHOT @ C:\Users\mauricio\Downloads\examDiego\LP2_T2_CaveroErazoSantiagoAdeon\pom.xml.
2024-10-16 17:37:00,838 [Worker-3: Building] INFO  o.a.m.s.f.DefaultMavenResourcesFiltering - Copying 1 resource from src\main\resources to target\classes
2024-10-16 17:37:00,984 [Worker-3: Building] INFO  o.a.m.s.f.DefaultMavenResourcesFiltering - Copying 30 resources from src\main\resources to target\classes
2024-10-16 17:37:01,143 [Worker-3: Building] INFO  o.a.m.s.f.DefaultMavenResourcesFiltering - skip non existing resourceDirectory C:\Users\mauricio\Downloads\examDiego\LP2_T2_CaveroErazoSantiagoAdeon\src\test\resources
2024-10-16 17:37:03,888 [Worker-5: Building] INFO  o.a.m.s.f.DefaultMavenResourcesFiltering - Copying 1 resource from src\main\resources to target\classes
2024-10-16 17:37:03,896 [Worker-5: Building] INFO  o.a.m.s.f.DefaultMavenResourcesFiltering - Copying 30 resources from src\main\resources to target\classes
2024-10-16 17:37:04,134 [Worker-5: Building] INFO  o.a.m.s.f.DefaultMavenResourcesFiltering - skip non existing resourceDirectory C:\Users\mauricio\Downloads\examDiego\LP2_T2_CaveroErazoSantiagoAdeon\src\test\resources
2024-10-16 17:37:11,496 [Worker-8: Updating Maven Project] INFO  o.e.m.c.i.p.ProjectConfigurationManager - Update started
2024-10-16 17:37:13,231 [Worker-8: Updating Maven Project] INFO  o.e.m.c.i.l.LifecycleMappingFactory - Using org.eclipse.m2e.jdt.JarLifecycleMapping lifecycle mapping for MavenProject: pe.com.cibertec:LP2_T2_CaveroErazoSantiagoAdeon:0.0.1-SNAPSHOT @ C:\Users\mauricio\Downloads\examDiego\LP2_T2_CaveroErazoSantiagoAdeon\pom.xml.
2024-10-16 17:37:16,569 [Worker-8: Updating Maven Project] INFO  o.e.m.j.i.AbstractJavaProjectConfigurator - Adding source folder /LP2_T2_CaveroErazoSantiagoAdeon/src/main/java
2024-10-16 17:37:16,575 [Worker-8: Updating Maven Project] INFO  o.e.m.j.i.AbstractJavaProjectConfigurator - Adding resource folder /LP2_T2_CaveroErazoSantiagoAdeon/src/main/resources
2024-10-16 17:37:16,579 [Worker-8: Updating Maven Project] INFO  o.e.m.j.i.AbstractJavaProjectConfigurator - Adding resource folder /LP2_T2_CaveroErazoSantiagoAdeon/src/main/resources
2024-10-16 17:37:16,581 [Worker-8: Updating Maven Project] INFO  o.e.m.j.i.AbstractJavaProjectConfigurator - Adding source folder /LP2_T2_CaveroErazoSantiagoAdeon/src/test/java
2024-10-16 17:37:16,586 [Worker-8: Updating Maven Project] INFO  o.e.m.j.i.AbstractJavaProjectConfigurator - Adding resource folder /LP2_T2_CaveroErazoSantiagoAdeon/src/test/resources
2024-10-16 17:37:18,859 [Worker-8: Updating Maven Project] INFO  o.e.m.c.i.p.ProjectConfigurationManager - Update completed for 1 poms: local refresh takes 0.00 sec, refresh facades takes 3.00 sec, update config takes 2.00 sec 
2024-10-16 17:37:20,893 [Worker-10: Building] INFO  o.a.m.s.f.DefaultMavenResourcesFiltering - Copying 1 resource from src\main\resources to target\classes
2024-10-16 17:37:20,937 [Worker-10: Building] INFO  o.a.m.s.f.DefaultMavenResourcesFiltering - Copying 30 resources from src\main\resources to target\classes
2024-10-16 17:37:21,134 [Worker-10: Building] INFO  o.a.m.s.f.DefaultMavenResourcesFiltering - skip non existing resourceDirectory C:\Users\mauricio\Downloads\examDiego\LP2_T2_CaveroErazoSantiagoAdeon\src\test\resources
2024-10-16 17:38:48,617 [Worker-8: Building] INFO  o.a.m.s.f.DefaultMavenResourcesFiltering - Copying 1 resource from src\main\resources to target\classes
2024-10-16 17:38:48,628 [Worker-8: Building] INFO  o.a.m.s.f.DefaultMavenResourcesFiltering - Copying 30 resources from src\main\resources to target\classes
2024-10-16 17:38:48,710 [Worker-8: Building] INFO  o.a.m.s.f.DefaultMavenResourcesFiltering - skip non existing resourceDirectory C:\Users\mauricio\Downloads\examDiego\LP2_T2_CaveroErazoSantiagoAdeon\src\test\resources
